<?xml version="1.0" encoding="UTF-8"?>
<!-- Generated by org.testng.reporters.JUnitReportReporter -->
<testsuite hostname="kz-PC" name="user.UserTest" tests="3" failures="0" timestamp="21 Apr 2016 07:09:52 GMT" time="29.028" errors="0">
  <testcase name="usernamelogin" time="10.027" classname="user.UserTest"/>
  <testcase name="youxianglogin" time="9.579" classname="user.UserTest"/>
  <testcase name="telephonelogin" time="9.422" classname="user.UserTest"/>
</testsuite> <!-- user.UserTest -->
